
*** Running vivado
    with args -log project_reti_logiche.vds -m64 -product Vivado -mode batch -messageDb vivado.pb -notrace -source project_reti_logiche.tcl


****** Vivado v2018.3 (64-bit)
  **** SW Build 2405991 on Thu Dec  6 23:38:27 MST 2018
  **** IP Build 2404404 on Fri Dec  7 01:43:56 MST 2018
    ** Copyright 1986-2018 Xilinx, Inc. All Rights Reserved.

source project_reti_logiche.tcl -notrace
Command: synth_design -top project_reti_logiche -part xc7a200tfbg484-1
Starting synth_design
Attempting to get a license for feature 'Synthesis' and/or device 'xc7a200t'
INFO: [Common 17-349] Got license for feature 'Synthesis' and/or device 'xc7a200t'
INFO: Launching helper process for spawning children vivado processes
INFO: Helper process launched with PID 4696 
---------------------------------------------------------------------------------
Starting Synthesize : Time (s): cpu = 00:00:02 ; elapsed = 00:00:02 . Memory (MB): peak = 361.586 ; gain = 100.156
---------------------------------------------------------------------------------
INFO: [Synth 8-638] synthesizing module 'project_reti_logiche' [D:/Project_Polimi/Project_Reti_Logiche/D_ProjectFolder/project_reti_logiche.srcs/sources_1/new/project_reti_logiche.vhd:43]
WARNING: [Synth 8-614] signal 'i_start' is read in the process but is not in the sensitivity list [D:/Project_Polimi/Project_Reti_Logiche/D_ProjectFolder/project_reti_logiche.srcs/sources_1/new/project_reti_logiche.vhd:103]
WARNING: [Synth 8-614] signal 'i_data' is read in the process but is not in the sensitivity list [D:/Project_Polimi/Project_Reti_Logiche/D_ProjectFolder/project_reti_logiche.srcs/sources_1/new/project_reti_logiche.vhd:103]
INFO: [Synth 8-256] done synthesizing module 'project_reti_logiche' (1#1) [D:/Project_Polimi/Project_Reti_Logiche/D_ProjectFolder/project_reti_logiche.srcs/sources_1/new/project_reti_logiche.vhd:43]
WARNING: [Synth 8-3331] design project_reti_logiche has unconnected port i_data[7]
WARNING: [Synth 8-3331] design project_reti_logiche has unconnected port i_data[6]
WARNING: [Synth 8-3331] design project_reti_logiche has unconnected port i_data[5]
WARNING: [Synth 8-3331] design project_reti_logiche has unconnected port i_data[4]
WARNING: [Synth 8-3331] design project_reti_logiche has unconnected port i_data[3]
WARNING: [Synth 8-3331] design project_reti_logiche has unconnected port i_data[2]
WARNING: [Synth 8-3331] design project_reti_logiche has unconnected port i_data[1]
WARNING: [Synth 8-3331] design project_reti_logiche has unconnected port i_data[0]
---------------------------------------------------------------------------------
Finished Synthesize : Time (s): cpu = 00:00:03 ; elapsed = 00:00:03 . Memory (MB): peak = 418.391 ; gain = 156.961
---------------------------------------------------------------------------------
---------------------------------------------------------------------------------
Finished Constraint Validation : Time (s): cpu = 00:00:03 ; elapsed = 00:00:03 . Memory (MB): peak = 418.391 ; gain = 156.961
---------------------------------------------------------------------------------
---------------------------------------------------------------------------------
Start Loading Part and Timing Information
---------------------------------------------------------------------------------
Loading part: xc7a200tfbg484-1
INFO: [Device 21-403] Loading part xc7a200tfbg484-1
---------------------------------------------------------------------------------
Finished Loading Part and Timing Information : Time (s): cpu = 00:00:03 ; elapsed = 00:00:03 . Memory (MB): peak = 418.391 ; gain = 156.961
---------------------------------------------------------------------------------
INFO: [Synth 8-802] inferred FSM for state register 'current_state_reg' in module 'project_reti_logiche'
INFO: [Synth 8-5544] ROM "o_address" won't be mapped to Block RAM because address size (3) smaller than threshold (5)
INFO: [Synth 8-5544] ROM "o_done" won't be mapped to Block RAM because address size (3) smaller than threshold (5)
WARNING: [Synth 8-327] inferring latch for variable 'o_address_reg' [D:/Project_Polimi/Project_Reti_Logiche/D_ProjectFolder/project_reti_logiche.srcs/sources_1/new/project_reti_logiche.vhd:117]
WARNING: [Synth 8-327] inferring latch for variable 'FSM_sequential_next_state_reg' [D:/Project_Polimi/Project_Reti_Logiche/D_ProjectFolder/project_reti_logiche.srcs/sources_1/new/project_reti_logiche.vhd:59]
WARNING: [Synth 8-327] inferring latch for variable 'FSM_onehot_next_state_reg' [D:/Project_Polimi/Project_Reti_Logiche/D_ProjectFolder/project_reti_logiche.srcs/sources_1/new/project_reti_logiche.vhd:59]
---------------------------------------------------------------------------------------------------
                   State |                     New Encoding |                Previous Encoding 
---------------------------------------------------------------------------------------------------
                    idle |                              000 |                              000
                     rst |                              001 |                              001
                      s0 |                              010 |                              010
                      s1 |                              011 |                              011
                      s2 |                              100 |                              100
                      s3 |                              101 |                              101
                      s4 |                              110 |                              110
---------------------------------------------------------------------------------------------------
INFO: [Synth 8-3354] encoded FSM with state register 'current_state_reg' using encoding 'sequential' in module 'project_reti_logiche'
WARNING: [Synth 8-327] inferring latch for variable 'FSM_sequential_next_state_reg' [D:/Project_Polimi/Project_Reti_Logiche/D_ProjectFolder/project_reti_logiche.srcs/sources_1/new/project_reti_logiche.vhd:59]
WARNING: [Synth 8-327] inferring latch for variable 'o_done_reg' [D:/Project_Polimi/Project_Reti_Logiche/D_ProjectFolder/project_reti_logiche.srcs/sources_1/new/project_reti_logiche.vhd:118]
WARNING: [Synth 8-327] inferring latch for variable 'o_en_reg' [D:/Project_Polimi/Project_Reti_Logiche/D_ProjectFolder/project_reti_logiche.srcs/sources_1/new/project_reti_logiche.vhd:131]
WARNING: [Synth 8-327] inferring latch for variable 'o_data_reg' [D:/Project_Polimi/Project_Reti_Logiche/D_ProjectFolder/project_reti_logiche.srcs/sources_1/new/project_reti_logiche.vhd:120]
---------------------------------------------------------------------------------
Finished RTL Optimization Phase 2 : Time (s): cpu = 00:00:03 ; elapsed = 00:00:04 . Memory (MB): peak = 418.391 ; gain = 156.961
---------------------------------------------------------------------------------

Report RTL Partitions: 
+-+--------------+------------+----------+
| |RTL Partition |Replication |Instances |
+-+--------------+------------+----------+
+-+--------------+------------+----------+
No constraint files found.
---------------------------------------------------------------------------------
Start RTL Component Statistics 
---------------------------------------------------------------------------------
Detailed RTL Component Info : 
+---Muxes : 
	   7 Input     16 Bit        Muxes := 1     
	   7 Input      3 Bit        Muxes := 2     
	   7 Input      1 Bit        Muxes := 5     
	   2 Input      1 Bit        Muxes := 2     
---------------------------------------------------------------------------------
Finished RTL Component Statistics 
---------------------------------------------------------------------------------
---------------------------------------------------------------------------------
Start RTL Hierarchical Component Statistics 
---------------------------------------------------------------------------------
Hierarchical RTL Component report 
Module project_reti_logiche 
Detailed RTL Component Info : 
+---Muxes : 
	   7 Input     16 Bit        Muxes := 1     
	   7 Input      3 Bit        Muxes := 2     
	   7 Input      1 Bit        Muxes := 5     
	   2 Input      1 Bit        Muxes := 2     
---------------------------------------------------------------------------------
Finished RTL Hierarchical Component Statistics
---------------------------------------------------------------------------------
---------------------------------------------------------------------------------
Start Part Resource Summary
---------------------------------------------------------------------------------
Part Resources:
DSPs: 740 (col length:100)
BRAMs: 730 (col length: RAMB18 100 RAMB36 50)
---------------------------------------------------------------------------------
Finished Part Resource Summary
---------------------------------------------------------------------------------
No constraint files found.
---------------------------------------------------------------------------------
Start Cross Boundary and Area Optimization
---------------------------------------------------------------------------------
Warning: Parallel synthesis criteria is not met 
WARNING: [Synth 8-3331] design project_reti_logiche has unconnected port i_data[7]
WARNING: [Synth 8-3331] design project_reti_logiche has unconnected port i_data[6]
WARNING: [Synth 8-3331] design project_reti_logiche has unconnected port i_data[5]
WARNING: [Synth 8-3331] design project_reti_logiche has unconnected port i_data[4]
WARNING: [Synth 8-3331] design project_reti_logiche has unconnected port i_data[3]
WARNING: [Synth 8-3331] design project_reti_logiche has unconnected port i_data[2]
WARNING: [Synth 8-3331] design project_reti_logiche has unconnected port i_data[1]
WARNING: [Synth 8-3331] design project_reti_logiche has unconnected port i_data[0]
INFO: [Synth 8-3886] merging instance 'o_data_reg[0]' (LD) to 'o_done_reg'
INFO: [Synth 8-3886] merging instance 'o_data_reg[1]' (LD) to 'o_done_reg'
INFO: [Synth 8-3886] merging instance 'o_data_reg[2]' (LD) to 'o_done_reg'
INFO: [Synth 8-3886] merging instance 'o_data_reg[3]' (LD) to 'o_done_reg'
INFO: [Synth 8-3886] merging instance 'o_data_reg[4]' (LD) to 'o_done_reg'
INFO: [Synth 8-3886] merging instance 'o_data_reg[5]' (LD) to 'o_done_reg'
INFO: [Synth 8-3886] merging instance 'o_data_reg[6]' (LD) to 'o_done_reg'
INFO: [Synth 8-3886] merging instance 'o_data_reg[7]' (LD) to 'o_done_reg'
INFO: [Synth 8-3333] propagating constant 0 across sequential element (o_done_reg)
INFO: [Synth 8-3886] merging instance 'o_address_reg[2]' (LD) to 'o_address_reg[3]'
INFO: [Synth 8-3886] merging instance 'o_address_reg[3]' (LD) to 'o_address_reg[5]'
INFO: [Synth 8-3886] merging instance 'o_address_reg[5]' (LD) to 'o_address_reg[6]'
INFO: [Synth 8-3886] merging instance 'o_address_reg[6]' (LD) to 'o_address_reg[7]'
INFO: [Synth 8-3886] merging instance 'o_address_reg[7]' (LD) to 'o_address_reg[8]'
INFO: [Synth 8-3886] merging instance 'o_address_reg[8]' (LD) to 'o_address_reg[9]'
INFO: [Synth 8-3886] merging instance 'o_address_reg[9]' (LD) to 'o_address_reg[10]'
INFO: [Synth 8-3886] merging instance 'o_address_reg[10]' (LD) to 'o_address_reg[11]'
INFO: [Synth 8-3886] merging instance 'o_address_reg[11]' (LD) to 'o_address_reg[12]'
INFO: [Synth 8-3886] merging instance 'o_address_reg[12]' (LD) to 'o_address_reg[13]'
INFO: [Synth 8-3886] merging instance 'o_address_reg[13]' (LD) to 'o_address_reg[14]'
INFO: [Synth 8-3886] merging instance 'o_address_reg[14]' (LD) to 'o_address_reg[15]'
INFO: [Synth 8-3333] propagating constant 0 across sequential element (\o_address_reg[15] )
WARNING: [Synth 8-3332] Sequential element (o_address_reg[15]) is unused and will be removed from module project_reti_logiche.
WARNING: [Synth 8-3332] Sequential element (o_done_reg) is unused and will be removed from module project_reti_logiche.
---------------------------------------------------------------------------------
Finished Cross Boundary and Area Optimization : Time (s): cpu = 00:00:06 ; elapsed = 00:00:10 . Memory (MB): peak = 598.520 ; gain = 337.090
---------------------------------------------------------------------------------

Report RTL Partitions: 
+-+--------------+------------+----------+
| |RTL Partition |Replication |Instances |
+-+--------------+------------+----------+
+-+--------------+------------+----------+
No constraint files found.
---------------------------------------------------------------------------------
Start Timing Optimization
---------------------------------------------------------------------------------
---------------------------------------------------------------------------------
Finished Timing Optimization : Time (s): cpu = 00:00:06 ; elapsed = 00:00:10 . Memory (MB): peak = 598.520 ; gain = 337.090
---------------------------------------------------------------------------------

Report RTL Partitions: 
+-+--------------+------------+----------+
| |RTL Partition |Replication |Instances |
+-+--------------+------------+----------+
+-+--------------+------------+----------+
---------------------------------------------------------------------------------
Start Technology Mapping
---------------------------------------------------------------------------------
---------------------------------------------------------------------------------
Finished Technology Mapping : Time (s): cpu = 00:00:06 ; elapsed = 00:00:10 . Memory (MB): peak = 598.520 ; gain = 337.090
---------------------------------------------------------------------------------

Report RTL Partitions: 
+-+--------------+------------+----------+
| |RTL Partition |Replication |Instances |
+-+--------------+------------+----------+
+-+--------------+------------+----------+
---------------------------------------------------------------------------------
Start IO Insertion
---------------------------------------------------------------------------------
---------------------------------------------------------------------------------
Start Flattening Before IO Insertion
---------------------------------------------------------------------------------
---------------------------------------------------------------------------------
Finished Flattening Before IO Insertion
---------------------------------------------------------------------------------
---------------------------------------------------------------------------------
Start Final Netlist Cleanup
---------------------------------------------------------------------------------
---------------------------------------------------------------------------------
Finished Final Netlist Cleanup
---------------------------------------------------------------------------------
---------------------------------------------------------------------------------
Finished IO Insertion : Time (s): cpu = 00:00:07 ; elapsed = 00:00:11 . Memory (MB): peak = 598.520 ; gain = 337.090
---------------------------------------------------------------------------------

Report Check Netlist: 
+------+------------------+-------+---------+-------+------------------+
|      |Item              |Errors |Warnings |Status |Description       |
+------+------------------+-------+---------+-------+------------------+
|1     |multi_driven_nets |      0|        0|Passed |Multi driven nets |
+------+------------------+-------+---------+-------+------------------+
---------------------------------------------------------------------------------
Start Renaming Generated Instances
---------------------------------------------------------------------------------
---------------------------------------------------------------------------------
Finished Renaming Generated Instances : Time (s): cpu = 00:00:07 ; elapsed = 00:00:11 . Memory (MB): peak = 598.520 ; gain = 337.090
---------------------------------------------------------------------------------

Report RTL Partitions: 
+-+--------------+------------+----------+
| |RTL Partition |Replication |Instances |
+-+--------------+------------+----------+
+-+--------------+------------+----------+
---------------------------------------------------------------------------------
Start Rebuilding User Hierarchy
---------------------------------------------------------------------------------
---------------------------------------------------------------------------------
Finished Rebuilding User Hierarchy : Time (s): cpu = 00:00:07 ; elapsed = 00:00:11 . Memory (MB): peak = 598.520 ; gain = 337.090
---------------------------------------------------------------------------------
---------------------------------------------------------------------------------
Start Renaming Generated Ports
---------------------------------------------------------------------------------
---------------------------------------------------------------------------------
Finished Renaming Generated Ports : Time (s): cpu = 00:00:07 ; elapsed = 00:00:11 . Memory (MB): peak = 598.520 ; gain = 337.090
---------------------------------------------------------------------------------
---------------------------------------------------------------------------------
Start Handling Custom Attributes
---------------------------------------------------------------------------------
---------------------------------------------------------------------------------
Finished Handling Custom Attributes : Time (s): cpu = 00:00:07 ; elapsed = 00:00:11 . Memory (MB): peak = 598.520 ; gain = 337.090
---------------------------------------------------------------------------------
---------------------------------------------------------------------------------
Start Renaming Generated Nets
---------------------------------------------------------------------------------
---------------------------------------------------------------------------------
Finished Renaming Generated Nets : Time (s): cpu = 00:00:07 ; elapsed = 00:00:11 . Memory (MB): peak = 598.520 ; gain = 337.090
---------------------------------------------------------------------------------
---------------------------------------------------------------------------------
Start Writing Synthesis Report
---------------------------------------------------------------------------------

Report BlackBoxes: 
+-+--------------+----------+
| |BlackBox name |Instances |
+-+--------------+----------+
+-+--------------+----------+

Report Cell Usage: 
+------+-----+------+
|      |Cell |Count |
+------+-----+------+
|1     |BUFG |     1|
|2     |LUT1 |     1|
|3     |LUT2 |     1|
|4     |LUT3 |     4|
|5     |LUT4 |     2|
|6     |FDCE |     2|
|7     |FDPE |     1|
|8     |LD   |     4|
|9     |LDC  |     2|
|10    |LDP  |     1|
|11    |IBUF |     3|
|12    |OBUF |    27|
+------+-----+------+

Report Instance Areas: 
+------+---------+-------+------+
|      |Instance |Module |Cells |
+------+---------+-------+------+
|1     |top      |       |    49|
+------+---------+-------+------+
---------------------------------------------------------------------------------
Finished Writing Synthesis Report : Time (s): cpu = 00:00:07 ; elapsed = 00:00:11 . Memory (MB): peak = 598.520 ; gain = 337.090
---------------------------------------------------------------------------------
Synthesis finished with 0 errors, 0 critical warnings and 27 warnings.
Synthesis Optimization Runtime : Time (s): cpu = 00:00:07 ; elapsed = 00:00:11 . Memory (MB): peak = 598.520 ; gain = 337.090
Synthesis Optimization Complete : Time (s): cpu = 00:00:07 ; elapsed = 00:00:11 . Memory (MB): peak = 598.520 ; gain = 337.090
INFO: [Project 1-571] Translating synthesized netlist
INFO: [Netlist 29-17] Analyzing 7 Unisim elements for replacement
INFO: [Netlist 29-28] Unisim Transformation completed in 0 CPU seconds
INFO: [Project 1-570] Preparing netlist for logic optimization
INFO: [Opt 31-138] Pushed 0 inverter(s) to 0 load pin(s).
Netlist sorting complete. Time (s): cpu = 00:00:00 ; elapsed = 00:00:00 . Memory (MB): peak = 709.664 ; gain = 0.000
INFO: [Project 1-111] Unisim Transformation Summary:
  A total of 7 instances were transformed.
  LD => LDCE: 4 instances
  LDC => LDCE: 2 instances
  LDP => LDPE: 1 instances

INFO: [Common 17-83] Releasing license: Synthesis
37 Infos, 27 Warnings, 0 Critical Warnings and 0 Errors encountered.
synth_design completed successfully
synth_design: Time (s): cpu = 00:00:12 ; elapsed = 00:00:20 . Memory (MB): peak = 709.664 ; gain = 456.133
Netlist sorting complete. Time (s): cpu = 00:00:00 ; elapsed = 00:00:00 . Memory (MB): peak = 709.664 ; gain = 0.000
WARNING: [Constraints 18-5210] No constraints selected for write.
Resolution: This message can indicate that there are no constraints for the design, or it can indicate that the used_in flags are set such that the constraints are ignored. This later case is used when running synth_design to not write synthesis constraints to the resulting checkpoint. Instead, project constraints are read when the synthesized design is opened.
INFO: [Common 17-1381] The checkpoint 'D:/Project_Polimi/Project_Reti_Logiche/D_ProjectFolder/project_reti_logiche.runs/synth_1/project_reti_logiche.dcp' has been generated.
INFO: [runtcl-4] Executing : report_utilization -file project_reti_logiche_utilization_synth.rpt -pb project_reti_logiche_utilization_synth.pb
INFO: [Common 17-206] Exiting Vivado at Fri Aug 30 11:24:16 2019...
